<?xml version="1.0" encoding="UTF-8"?>
<testsuite xmlns:xsi="http://www.w3.org/2001/XMLSchema-instance" xsi:noNamespaceSchemaLocation="https://maven.apache.org/surefire/maven-surefire-plugin/xsd/surefire-test-report-3.0.xsd" version="3.0" name="org.harshit.userinfo.UserinfoApplicationTests" time="2.105" tests="3" errors="0" skipped="0" failures="0">
  <properties>
[...]
</properties>
  <testcase name="chat_endpoint_get_test_1" classname="org.harshit.userinfo.UserinfoApplicationTests" time="0.752">
    <system-out><![CDATA[16:26:55.181 [main] INFO org.springframework.test.context.support.AnnotationConfigContextLoaderUtils -- Could not detect default configuration classes for test class [org.harshit.userinfo.UserinfoApplicationTests]: UserinfoApplicationTests does not declare any static, non-private, non-final, nested classes annotated with @Configuration.
16:26:55.235 [main] INFO org.springframework.boot.test.context.SpringBootTestContextBootstrapper -- Found @SpringBootConfiguration org.harshit.userinfo.UserinfoApplication for test class org.harshit.userinfo.UserinfoApplicationTests

  .   ____          _            __ _ _
 /\\ / ___'_ __ _ _(_)_ __  __ _ \ \ \ \
( ( )\___ | '_ | '_| | '_ \/ _` | \ \ \ \
 \\/  ___)| |_)| | | | | || (_| |  ) ) ) )
  '  |____| .__|_| |_|_| |_\__, | / / / /
 =========|_|==============|___/=/_/_/_/

 :: Spring Boot ::                (v3.3.5)

2024-11-24T16:26:55.427+05:30  INFO 85753 --- [userinfo] [           main] o.h.userinfo.UserinfoApplicationTests    : Starting UserinfoApplicationTests using Java 23.0.1 with PID 85753 (started by harshitgarg in /Users/harshitgarg/JAVA-projects/userinfo)
2024-11-24T16:26:55.428+05:30  INFO 85753 --- [userinfo] [           main] o.h.userinfo.UserinfoApplicationTests    : No active profile set, falling back to 1 default profile: "default"
2024-11-24T16:26:55.777+05:30  INFO 85753 --- [userinfo] [           main] o.s.cloud.context.scope.GenericScope     : BeanFactory id=4f12d84b-ba3a-32b5-bad7-cb443ef96819
2024-11-24T16:26:56.147+05:30  INFO 85753 --- [userinfo] [           main] o.s.c.g.r.RouteDefinitionRouteLocator    : Loaded RoutePredicateFactory [After]
2024-11-24T16:26:56.147+05:30  INFO 85753 --- [userinfo] [           main] o.s.c.g.r.RouteDefinitionRouteLocator    : Loaded RoutePredicateFactory [Before]
2024-11-24T16:26:56.147+05:30  INFO 85753 --- [userinfo] [           main] o.s.c.g.r.RouteDefinitionRouteLocator    : Loaded RoutePredicateFactory [Between]
2024-11-24T16:26:56.148+05:30  INFO 85753 --- [userinfo] [           main] o.s.c.g.r.RouteDefinitionRouteLocator    : Loaded RoutePredicateFactory [Cookie]
2024-11-24T16:26:56.148+05:30  INFO 85753 --- [userinfo] [           main] o.s.c.g.r.RouteDefinitionRouteLocator    : Loaded RoutePredicateFactory [Header]
2024-11-24T16:26:56.148+05:30  INFO 85753 --- [userinfo] [           main] o.s.c.g.r.RouteDefinitionRouteLocator    : Loaded RoutePredicateFactory [Host]
2024-11-24T16:26:56.148+05:30  INFO 85753 --- [userinfo] [           main] o.s.c.g.r.RouteDefinitionRouteLocator    : Loaded RoutePredicateFactory [Method]
2024-11-24T16:26:56.148+05:30  INFO 85753 --- [userinfo] [           main] o.s.c.g.r.RouteDefinitionRouteLocator    : Loaded RoutePredicateFactory [Path]
2024-11-24T16:26:56.148+05:30  INFO 85753 --- [userinfo] [           main] o.s.c.g.r.RouteDefinitionRouteLocator    : Loaded RoutePredicateFactory [Query]
2024-11-24T16:26:56.148+05:30  INFO 85753 --- [userinfo] [           main] o.s.c.g.r.RouteDefinitionRouteLocator    : Loaded RoutePredicateFactory [ReadBody]
2024-11-24T16:26:56.148+05:30  INFO 85753 --- [userinfo] [           main] o.s.c.g.r.RouteDefinitionRouteLocator    : Loaded RoutePredicateFactory [RemoteAddr]
2024-11-24T16:26:56.148+05:30  INFO 85753 --- [userinfo] [           main] o.s.c.g.r.RouteDefinitionRouteLocator    : Loaded RoutePredicateFactory [XForwardedRemoteAddr]
2024-11-24T16:26:56.148+05:30  INFO 85753 --- [userinfo] [           main] o.s.c.g.r.RouteDefinitionRouteLocator    : Loaded RoutePredicateFactory [Weight]
2024-11-24T16:26:56.148+05:30  INFO 85753 --- [userinfo] [           main] o.s.c.g.r.RouteDefinitionRouteLocator    : Loaded RoutePredicateFactory [CloudFoundryRouteService]
2024-11-24T16:26:56.254+05:30  INFO 85753 --- [userinfo] [           main] o.neo4j.driver.internal.DriverFactory    : Direct driver instance 415793386 created for server address localhost:7687
2024-11-24T16:26:56.339+05:30  INFO 85753 --- [userinfo] [           main] o.s.b.web.embedded.netty.NettyWebServer  : Netty started on port 55696 (http)
2024-11-24T16:26:56.356+05:30  INFO 85753 --- [userinfo] [           main] o.h.userinfo.UserinfoApplicationTests    : Started UserinfoApplicationTests in 1.061 seconds (process running for 1.532)
[CONTROLLER] Called Get Contact List api with userid: Harshits
[DATABASE] Neo4j Driver created
[DATABASE] Result is empty
[DATABASE] Ran the db query
[]
]]></system-out>
    <system-err><![CDATA[WARNING: A Java agent has been loaded dynamically (/Users/harshitgarg/.m2/repository/net/bytebuddy/byte-buddy-agent/1.14.19/byte-buddy-agent-1.14.19.jar)
WARNING: If a serviceability tool is in use, please run with -XX:+EnableDynamicAgentLoading to hide this warning
WARNING: If a serviceability tool is not in use, please run with -Djdk.instrument.traceUsage for more information
WARNING: Dynamic loading of agents will be disallowed by default in a future release
]]></system-err>
  </testcase>
  <testcase name="chat_endpoint_get_test_2" classname="org.harshit.userinfo.UserinfoApplicationTests" time="0.042">
    <system-out><![CDATA[[CONTROLLER] Called Get Contact List api with userid: Harshit
[DATABASE] Neo4j Driver created
[DATABASE] Ran the db query
[Name: "Tanvi" Last chat at: 1731845370934, Name: "Rishika" Last chat at: 1731842197490, Name: "Akshat" Last chat at: 1731842441215, Name: "Ashwin" Last chat at: 1731842655127, Name: "Abhishek" Last chat at: 1731842655127, Name: "Siddhesh" Last chat at: 1731842655127, Name: "Rishabh" Last chat at: 1731842655127, Name: "Saket" Last chat at: 1731842655127, Name: "Jhanvi" Last chat at: 1731842655127, Name: "Tushar" Last chat at: 1731842655127, Name: "Pragya" Last chat at: 1731842655127, Name: "Vanika" Last chat at: 1731842655127, Name: "Devang" Last chat at: 1731842655127, Name: "Kunal" Last chat at: 1731842655127, Name: NULL Last chat at: NULL]
]]></system-out>
  </testcase>
  <testcase name="chat_endpoint_get_test_3" classname="org.harshit.userinfo.UserinfoApplicationTests" time="0.029">
    <system-out><![CDATA[[CONTROLLER] Called Get Contact List api with userid: Tanvi
[DATABASE] Neo4j Driver created
[DATABASE] Ran the db query
[Name: "Rishika" Last chat at: 1731843445714, Name: "Abhishek" Last chat at: 1731843445714, Name: "Siddhesh" Last chat at: 1731843445714, Name: "Rishabh" Last chat at: 1731843445714, Name: "Saket" Last chat at: 1731843445714, Name: "Devang" Last chat at: 1731843445714, Name: "Kunal" Last chat at: 1731843445714, Name: "Vidhi" Last chat at: 1731843445714, Name: "Harshit" Last chat at: 1731845370934]
Response: [{"name":"\"Rishika\"","lastChat":"1731843445714"},{"name":"\"Abhishek\"","lastChat":"1731843445714"},{"name":"\"Siddhesh\"","lastChat":"1731843445714"},{"name":"\"Rishabh\"","lastChat":"1731843445714"},{"name":"\"Saket\"","lastChat":"1731843445714"},{"name":"\"Devang\"","lastChat":"1731843445714"},{"name":"\"Kunal\"","lastChat":"1731843445714"},{"name":"\"Vidhi\"","lastChat":"1731843445714"},{"name":"\"Harshit\"","lastChat":"1731845370934"}]
]]></system-out>
  </testcase>
</testsuite>