<?xml version="1.0" encoding="UTF-8"?>
<testsuite xmlns:xsi="http://www.w3.org/2001/XMLSchema-instance" xsi:noNamespaceSchemaLocation="https://maven.apache.org/surefire/maven-surefire-plugin/xsd/surefire-test-report-3.0.xsd" version="3.0" name="org.harshit.authenticator.AuthenticatorApplicationTests" time="2.225" tests="3" errors="0" skipped="0" failures="0">
  <properties>
[...]
</properties>
  <testcase name="test_auth_post_endpoint" classname="org.harshit.authenticator.AuthenticatorApplicationTests" time="0.688">
    <system-out><![CDATA[13:53:29.909 [main] INFO org.springframework.test.context.support.AnnotationConfigContextLoaderUtils -- Could not detect default configuration classes for test class [org.harshit.authenticator.AuthenticatorApplicationTests]: AuthenticatorApplicationTests does not declare any static, non-private, non-final, nested classes annotated with @Configuration.
13:53:29.958 [main] INFO org.springframework.boot.test.context.SpringBootTestContextBootstrapper -- Found @SpringBootConfiguration org.harshit.authenticator.AuthenticatorApplication for test class org.harshit.authenticator.AuthenticatorApplicationTests

  .   ____          _            __ _ _
 /\\ / ___'_ __ _ _(_)_ __  __ _ \ \ \ \
( ( )\___ | '_ | '_| | '_ \/ _` | \ \ \ \
 \\/  ___)| |_)| | | | | || (_| |  ) ) ) )
  '  |____| .__|_| |_|_| |_\__, | / / / /
 =========|_|==============|___/=/_/_/_/

 :: Spring Boot ::                (v3.3.5)

2024-11-23T13:53:30.164+05:30  INFO 90022 --- [authenticator] [           main] o.h.a.AuthenticatorApplicationTests      : Starting AuthenticatorApplicationTests using Java 23.0.1 with PID 90022 (started by harshitgarg in /Users/harshitgarg/JAVA-projects/authenticator)
2024-11-23T13:53:30.165+05:30  INFO 90022 --- [authenticator] [           main] o.h.a.AuthenticatorApplicationTests      : No active profile set, falling back to 1 default profile: "default"
2024-11-23T13:53:30.521+05:30  INFO 90022 --- [authenticator] [           main] o.s.cloud.context.scope.GenericScope     : BeanFactory id=fce06eaf-f254-3a0f-b5fd-07fedc500675
2024-11-23T13:53:31.136+05:30  INFO 90022 --- [authenticator] [           main] o.s.c.g.r.RouteDefinitionRouteLocator    : Loaded RoutePredicateFactory [After]
2024-11-23T13:53:31.136+05:30  INFO 90022 --- [authenticator] [           main] o.s.c.g.r.RouteDefinitionRouteLocator    : Loaded RoutePredicateFactory [Before]
2024-11-23T13:53:31.136+05:30  INFO 90022 --- [authenticator] [           main] o.s.c.g.r.RouteDefinitionRouteLocator    : Loaded RoutePredicateFactory [Between]
2024-11-23T13:53:31.137+05:30  INFO 90022 --- [authenticator] [           main] o.s.c.g.r.RouteDefinitionRouteLocator    : Loaded RoutePredicateFactory [Cookie]
2024-11-23T13:53:31.137+05:30  INFO 90022 --- [authenticator] [           main] o.s.c.g.r.RouteDefinitionRouteLocator    : Loaded RoutePredicateFactory [Header]
2024-11-23T13:53:31.137+05:30  INFO 90022 --- [authenticator] [           main] o.s.c.g.r.RouteDefinitionRouteLocator    : Loaded RoutePredicateFactory [Host]
2024-11-23T13:53:31.137+05:30  INFO 90022 --- [authenticator] [           main] o.s.c.g.r.RouteDefinitionRouteLocator    : Loaded RoutePredicateFactory [Method]
2024-11-23T13:53:31.137+05:30  INFO 90022 --- [authenticator] [           main] o.s.c.g.r.RouteDefinitionRouteLocator    : Loaded RoutePredicateFactory [Path]
2024-11-23T13:53:31.137+05:30  INFO 90022 --- [authenticator] [           main] o.s.c.g.r.RouteDefinitionRouteLocator    : Loaded RoutePredicateFactory [Query]
2024-11-23T13:53:31.137+05:30  INFO 90022 --- [authenticator] [           main] o.s.c.g.r.RouteDefinitionRouteLocator    : Loaded RoutePredicateFactory [ReadBody]
2024-11-23T13:53:31.137+05:30  INFO 90022 --- [authenticator] [           main] o.s.c.g.r.RouteDefinitionRouteLocator    : Loaded RoutePredicateFactory [RemoteAddr]
2024-11-23T13:53:31.137+05:30  INFO 90022 --- [authenticator] [           main] o.s.c.g.r.RouteDefinitionRouteLocator    : Loaded RoutePredicateFactory [XForwardedRemoteAddr]
2024-11-23T13:53:31.137+05:30  INFO 90022 --- [authenticator] [           main] o.s.c.g.r.RouteDefinitionRouteLocator    : Loaded RoutePredicateFactory [Weight]
2024-11-23T13:53:31.137+05:30  INFO 90022 --- [authenticator] [           main] o.s.c.g.r.RouteDefinitionRouteLocator    : Loaded RoutePredicateFactory [CloudFoundryRouteService]
2024-11-23T13:53:31.294+05:30  INFO 90022 --- [authenticator] [           main] o.s.b.web.embedded.netty.NettyWebServer  : Netty started on port 50666 (http)
2024-11-23T13:53:31.316+05:30  INFO 90022 --- [authenticator] [           main] o.h.a.AuthenticatorApplicationTests      : Started AuthenticatorApplicationTests in 1.29 seconds (process running for 1.773)
#############################################
Server running at port: 50666
#############################################
2024-11-23T13:53:31.801+05:30 ERROR 90022 --- [authenticator] [           main] i.n.r.d.DnsServerAddressStreamProviders  : Unable to load io.netty.resolver.dns.macos.MacOSDnsServerAddressStreamProvider, fallback to system defaults. This may result in incorrect DNS resolutions on MacOS. Check whether you have a dependency on 'io.netty:netty-resolver-dns-native-macos'. Use DEBUG level to see the full stack: java.lang.UnsatisfiedLinkError: failed to load the required native library
Username : Harshit password: hgarg9460@3
Executed the query
id: 1 username: Harshit password: hgarg9460@3
]]></system-out>
    <system-err><![CDATA[WARNING: A Java agent has been loaded dynamically (/Users/harshitgarg/.m2/repository/net/bytebuddy/byte-buddy-agent/1.14.19/byte-buddy-agent-1.14.19.jar)
WARNING: If a serviceability tool is in use, please run with -XX:+EnableDynamicAgentLoading to hide this warning
WARNING: If a serviceability tool is not in use, please run with -Djdk.instrument.traceUsage for more information
WARNING: Dynamic loading of agents will be disallowed by default in a future release
]]></system-err>
  </testcase>
  <testcase name="test_aut_post_endpoint_2" classname="org.harshit.authenticator.AuthenticatorApplicationTests" time="0.006">
    <system-out><![CDATA[#############################################
Server running at port: 50666
#############################################
Username : harshit password: hgarg9460@3
Executed the query
User doesn't exist
]]></system-out>
  </testcase>
  <testcase name="test_aut_post_endpoint_3" classname="org.harshit.authenticator.AuthenticatorApplicationTests" time="0.007">
    <system-out><![CDATA[#############################################
Server running at port: 50666
#############################################
Username : Harshit password: Hgarg9460@3
Executed the query
id: 1 username: Harshit password: hgarg9460@3
Password is incorrect
]]></system-out>
  </testcase>
</testsuite>