<?xml version="1.0" encoding="UTF-8"?>
<testsuite xmlns:xsi="http://www.w3.org/2001/XMLSchema-instance" xsi:noNamespaceSchemaLocation="https://maven.apache.org/surefire/maven-surefire-plugin/xsd/surefire-test-report.xsd" version="3.0.2" name="org.harshit.messenger.MessengerApplicationTests" time="0.175" tests="3" errors="0" skipped="0" failures="0">
  <properties>
[...]
</properties>
  <testcase name="testMultipleClients" classname="org.harshit.messenger.MessengerApplicationTests" time="0.126">
    <system-err><![CDATA[Dec 01, 2024 4:16:03 PM org.harshit.messenger.MessengerApplicationTests testMultipleClients
WARNING: Testing Multiple clients
Dec 01, 2024 4:16:03 PM org.harshit.messenger.Services.MessagingService$1 onNext
INFO: Sent a message, Hello, from user: Harshit to user: Tanvi at time: 2020
Dec 01, 2024 4:16:03 PM org.harshit.messenger.Services.MessagingService$1 onNext
INFO: Sent a message, Hello, from user: Devang to user: Rishika at time: 2020
Dec 01, 2024 4:16:03 PM org.harshit.messenger.Services.MessagingService$1 onNext
INFO: Sent a message, Hello, from user: Harshit to user: Jhanvi at time: 2020
Dec 01, 2024 4:16:03 PM org.harshit.messenger.Services.MessagingService$1 onNext
INFO: Sent a message, Hello, from user: Devang to user: Tushar at time: 2020
]]></system-err>
  </testcase>
  <testcase name="testStreamMessage" classname="org.harshit.messenger.MessengerApplicationTests" time="0.003">
    <system-err><![CDATA[Dec 01, 2024 4:16:03 PM org.harshit.messenger.MessengerApplicationTests testStreamMessage
INFO: Testing Stream Message service
Dec 01, 2024 4:16:03 PM org.harshit.messenger.Services.MessagingService$1 onNext
INFO: Sent a message, Hello, from user: Harshit to user: Tanvi at time: 2020
Dec 01, 2024 4:16:03 PM org.harshit.messenger.Services.MessagingService$1 onNext
INFO: Sent a message, Hello, from user: Harshit to user: Rishika at time: 2020
Dec 01, 2024 4:16:03 PM org.harshit.messenger.Services.MessagingService$1 onNext
INFO: Sent a message, Hello, from user: Harshit to user: Jhanvi at time: 2020
Dec 01, 2024 4:16:03 PM org.harshit.messenger.Services.MessagingService$1 onNext
INFO: Sent a message, Hello, from user: Harshit to user: Tushar at time: 2020
Dec 01, 2024 4:16:03 PM org.harshit.messenger.MessengerApplicationTests$1 onNext
INFO: Response status: true
Dec 01, 2024 4:16:03 PM org.harshit.messenger.MessengerApplicationTests$1 onCompleted
INFO: Server has read all the messages
]]></system-err>
  </testcase>
  <testcase name="testBiDiStream" classname="org.harshit.messenger.MessengerApplicationTests" time="0.007">
    <system-err><![CDATA[Dec 01, 2024 4:16:03 PM org.harshit.messenger.Services.MessagingService$2 onNext
INFO: Sent a message, Hello from harshit, from user: Harshit to user: Tanvi at time: 0
Dec 01, 2024 4:16:03 PM org.harshit.messenger.Services.MessagingService$2 onNext
INFO: Tanvi is not online
Dec 01, 2024 4:16:03 PM org.harshit.messenger.Services.MessagingService$2 onNext
INFO: Sent a message, Hello from harshit, from user: Harshit to user: Tanvi at time: 0
Dec 01, 2024 4:16:03 PM org.harshit.messenger.Services.MessagingService$2 onNext
INFO: Tanvi is not online
Dec 01, 2024 4:16:03 PM org.harshit.messenger.Services.MessagingService$2 onNext
INFO: Sent a message, Hello from harshit, from user: Harshit to user: Rishika at time: 0
Dec 01, 2024 4:16:03 PM org.harshit.messenger.Services.MessagingService$2 onNext
INFO: Rishika is not online
Dec 01, 2024 4:16:03 PM org.harshit.messenger.Services.MessagingService$2 onNext
INFO: Sent a message, Hello from Tanvi, from user: Tanvi to user: Harshit at time: 0
Dec 01, 2024 4:16:03 PM org.harshit.messenger.MessengerApplicationTests$4 onNext
INFO: [Harshit] Response from Tanvi: Hello from Tanvi
Dec 01, 2024 4:16:03 PM org.harshit.messenger.Services.MessagingService$2 onNext
INFO: Sent a message, What uppp, from user: Harshit to user: Tanvi at time: 0
Dec 01, 2024 4:16:03 PM org.harshit.messenger.MessengerApplicationTests$5 onNext
INFO: [Tanvi] Response from Harshit: What uppp
Dec 01, 2024 4:16:03 PM org.harshit.messenger.Services.MessagingService$2 onNext
INFO: Sent a message, Testing testing testing, from user: Tanvi to user: Harshit at time: 0
Dec 01, 2024 4:16:03 PM org.harshit.messenger.MessengerApplicationTests$4 onNext
INFO: [Harshit] Response from Tanvi: Testing testing testing
Dec 01, 2024 4:16:03 PM org.harshit.messenger.Services.MessagingService$2 onNext
INFO: Sent a message, Hello from harshit, from user: Harshit to user: Harshit at time: 0
Dec 01, 2024 4:16:03 PM org.harshit.messenger.Services.MessagingService$2 onNext
INFO: Removing user: Harshit
Dec 01, 2024 4:16:03 PM org.harshit.messenger.Services.MessagingService$2 onNext
INFO: Sent a message, Hello from harshit, from user: Tanvi to user: Tanvi at time: 0
Dec 01, 2024 4:16:03 PM org.harshit.messenger.Services.MessagingService$2 onNext
INFO: Removing user: Tanvi
Dec 01, 2024 4:16:03 PM org.harshit.messenger.Services.MessagingService$2 onCompleted
INFO: On complete called
Dec 01, 2024 4:16:03 PM org.harshit.messenger.Services.MessagingService$2 onCompleted
INFO: On complete called
]]></system-err>
  </testcase>
</testsuite>