<?xml version="1.0" encoding="UTF-8"?>
<testsuite xmlns:xsi="http://www.w3.org/2001/XMLSchema-instance" xsi:noNamespaceSchemaLocation="https://maven.apache.org/surefire/maven-surefire-plugin/xsd/surefire-test-report-3.0.xsd" version="3.0" name="org.harshit.apigateway.ApigatewayApplicationTests" time="2.449" tests="8" errors="0" skipped="0" failures="0">
  <properties>
[...]
</properties>
  <testcase name="test_authenticator_get_api" classname="org.harshit.apigateway.ApigatewayApplicationTests" time="0.58">
    <system-out><![CDATA[17:09:04.471 [main] INFO org.springframework.test.context.support.AnnotationConfigContextLoaderUtils -- Could not detect default configuration classes for test class [org.harshit.apigateway.ApigatewayApplicationTests]: ApigatewayApplicationTests does not declare any static, non-private, non-final, nested classes annotated with @Configuration.
17:09:04.525 [main] INFO org.springframework.boot.test.context.SpringBootTestContextBootstrapper -- Found @SpringBootConfiguration org.harshit.apigateway.ApigatewayApplication for test class org.harshit.apigateway.ApigatewayApplicationTests

  .   ____          _            __ _ _
 /\\ / ___'_ __ _ _(_)_ __  __ _ \ \ \ \
( ( )\___ | '_ | '_| | '_ \/ _` | \ \ \ \
 \\/  ___)| |_)| | | | | || (_| |  ) ) ) )
  '  |____| .__|_| |_|_| |_\__, | / / / /
 =========|_|==============|___/=/_/_/_/

 :: Spring Boot ::                (v3.3.5)

2024-11-23T17:09:04.751+05:30  INFO 4692 --- [           main] o.h.a.ApigatewayApplicationTests         : Starting ApigatewayApplicationTests using Java 23.0.1 with PID 4692 (started by harshitgarg in /Users/harshitgarg/JAVA-projects/apigateway)
2024-11-23T17:09:04.752+05:30  INFO 4692 --- [           main] o.h.a.ApigatewayApplicationTests         : No active profile set, falling back to 1 default profile: "default"
2024-11-23T17:09:05.336+05:30  INFO 4692 --- [           main] o.s.cloud.context.scope.GenericScope     : BeanFactory id=153850d5-e17e-3730-a86b-a7ad82382b2c
2024-11-23T17:09:05.740+05:30  INFO 4692 --- [           main] o.s.c.g.r.RouteDefinitionRouteLocator    : Loaded RoutePredicateFactory [After]
2024-11-23T17:09:05.740+05:30  INFO 4692 --- [           main] o.s.c.g.r.RouteDefinitionRouteLocator    : Loaded RoutePredicateFactory [Before]
2024-11-23T17:09:05.740+05:30  INFO 4692 --- [           main] o.s.c.g.r.RouteDefinitionRouteLocator    : Loaded RoutePredicateFactory [Between]
2024-11-23T17:09:05.740+05:30  INFO 4692 --- [           main] o.s.c.g.r.RouteDefinitionRouteLocator    : Loaded RoutePredicateFactory [Cookie]
2024-11-23T17:09:05.741+05:30  INFO 4692 --- [           main] o.s.c.g.r.RouteDefinitionRouteLocator    : Loaded RoutePredicateFactory [Header]
2024-11-23T17:09:05.741+05:30  INFO 4692 --- [           main] o.s.c.g.r.RouteDefinitionRouteLocator    : Loaded RoutePredicateFactory [Host]
2024-11-23T17:09:05.741+05:30  INFO 4692 --- [           main] o.s.c.g.r.RouteDefinitionRouteLocator    : Loaded RoutePredicateFactory [Method]
2024-11-23T17:09:05.741+05:30  INFO 4692 --- [           main] o.s.c.g.r.RouteDefinitionRouteLocator    : Loaded RoutePredicateFactory [Path]
2024-11-23T17:09:05.741+05:30  INFO 4692 --- [           main] o.s.c.g.r.RouteDefinitionRouteLocator    : Loaded RoutePredicateFactory [Query]
2024-11-23T17:09:05.741+05:30  INFO 4692 --- [           main] o.s.c.g.r.RouteDefinitionRouteLocator    : Loaded RoutePredicateFactory [ReadBody]
2024-11-23T17:09:05.741+05:30  INFO 4692 --- [           main] o.s.c.g.r.RouteDefinitionRouteLocator    : Loaded RoutePredicateFactory [RemoteAddr]
2024-11-23T17:09:05.741+05:30  INFO 4692 --- [           main] o.s.c.g.r.RouteDefinitionRouteLocator    : Loaded RoutePredicateFactory [XForwardedRemoteAddr]
2024-11-23T17:09:05.741+05:30  INFO 4692 --- [           main] o.s.c.g.r.RouteDefinitionRouteLocator    : Loaded RoutePredicateFactory [Weight]
2024-11-23T17:09:05.741+05:30  INFO 4692 --- [           main] o.s.c.g.r.RouteDefinitionRouteLocator    : Loaded RoutePredicateFactory [CloudFoundryRouteService]
2024-11-23T17:09:06.026+05:30  INFO 4692 --- [           main] o.s.b.web.embedded.netty.NettyWebServer  : Netty started on port 51713 (http)
2024-11-23T17:09:06.044+05:30  INFO 4692 --- [           main] o.h.a.ApigatewayApplicationTests         : Started ApigatewayApplicationTests in 1.449 seconds (process running for 2.005)
######################################
Server running at port: 51713
######################################
2024-11-23T17:09:06.514+05:30 ERROR 4692 --- [           main] i.n.r.d.DnsServerAddressStreamProviders  : Unable to load io.netty.resolver.dns.macos.MacOSDnsServerAddressStreamProvider, fallback to system defaults. This may result in incorrect DNS resolutions on MacOS. Check whether you have a dependency on 'io.netty:netty-resolver-dns-native-macos'. Use DEBUG level to see the full stack: java.lang.UnsatisfiedLinkError: failed to load the required native library
]]></system-out>
    <system-err><![CDATA[WARNING: A Java agent has been loaded dynamically (/Users/harshitgarg/.m2/repository/net/bytebuddy/byte-buddy-agent/1.14.19/byte-buddy-agent-1.14.19.jar)
WARNING: If a serviceability tool is in use, please run with -XX:+EnableDynamicAgentLoading to hide this warning
WARNING: If a serviceability tool is not in use, please run with -Djdk.instrument.traceUsage for more information
WARNING: Dynamic loading of agents will be disallowed by default in a future release
]]></system-err>
  </testcase>
  <testcase name="test_root_path" classname="org.harshit.apigateway.ApigatewayApplicationTests" time="0.017">
    <system-out><![CDATA[######################################
Server running at port: 51713
######################################
Calling root page
]]></system-out>
  </testcase>
  <testcase name="test_fallback_path" classname="org.harshit.apigateway.ApigatewayApplicationTests" time="0.006">
    <system-out><![CDATA[######################################
Server running at port: 51713
######################################
Calling fallback page
]]></system-out>
  </testcase>
  <testcase name="test_authenticator_post_api_1" classname="org.harshit.apigateway.ApigatewayApplicationTests" time="0.051">
    <system-out><![CDATA[######################################
Server running at port: 51713
######################################
Received JWT token: eyJhbGciOiJSUzI1NiIsInR5cCI6IkpXVCJ9.eyJzdWIiOiJIYXJzaGl0IiwiaXNzIjoiaGFyc2hpdCJ9.KKcq7IfYUol9dq0OdMzYaWsp9kno6QSZKBKmNp5VIp9ZxQz5995T4vLDmz_BBY-e5tiWDRmhyHXGq0MgbRzPEBMyJZDIq3Xya2RKG8ulsWVHns8UOrfwaOjjPbLRzZmlCrAXJX8vHKSCbbzxG-nWEFcOa52PNlOFgIQNHGYVpBTb8lDElp7ASALiMvZMgCIxM0ppbtfExjlZAgQ5UBQfWiCTS3MMI5pWpTNO5EKaE3Cj07qr-23rXeYZy6x1MtAoCvasRDalJXjRUAtarlvW8eU5GNMuxS-kijkx7KRhn7ElZFJTwmz5TJ_u2z9YIkd_Cs2hE5WtL5eMKBVMuxd89A
]]></system-out>
  </testcase>
  <testcase name="test_authenticator_post_api" classname="org.harshit.apigateway.ApigatewayApplicationTests" time="0.015">
    <system-out><![CDATA[######################################
Server running at port: 51713
######################################
]]></system-out>
  </testcase>
  <testcase name="test_userinfo_post_api_1" classname="org.harshit.apigateway.ApigatewayApplicationTests" time="0.044">
    <system-out><![CDATA[######################################
Server running at port: 51713
######################################
[FILTER] Authentication filter invoked
[FILTER] Header: [accept-encoding:"gzip", user-agent:"ReactorNetty/1.1.23", host:"localhost:51713", accept:"*/*", transfer-encoding:"chunked", WebTestClient-Request-Id:"6"]
[FILTER] JWT TOKEN: null
[FILTER] Validating...
[FILTER] Exeption thrown: The token is null.
]]></system-out>
  </testcase>
  <testcase name="test_userinfo_get_api_1" classname="org.harshit.apigateway.ApigatewayApplicationTests" time="0.004">
    <system-out><![CDATA[######################################
Server running at port: 51713
######################################
[FILTER] Authentication filter invoked
[FILTER] Header: [accept-encoding:"gzip", user-agent:"ReactorNetty/1.1.23", host:"localhost:51713", accept:"*/*", WebTestClient-Request-Id:"7"]
[FILTER] JWT TOKEN: null
[FILTER] Validating...
[FILTER] Exeption thrown: The token is null.
]]></system-out>
  </testcase>
  <testcase name="test_userinfo_get_api_2" classname="org.harshit.apigateway.ApigatewayApplicationTests" time="0.043">
    <system-out><![CDATA[######################################
Server running at port: 51713
######################################
Received JWT token: eyJhbGciOiJSUzI1NiIsInR5cCI6IkpXVCJ9.eyJzdWIiOiJIYXJzaGl0IiwiaXNzIjoiaGFyc2hpdCJ9.KKcq7IfYUol9dq0OdMzYaWsp9kno6QSZKBKmNp5VIp9ZxQz5995T4vLDmz_BBY-e5tiWDRmhyHXGq0MgbRzPEBMyJZDIq3Xya2RKG8ulsWVHns8UOrfwaOjjPbLRzZmlCrAXJX8vHKSCbbzxG-nWEFcOa52PNlOFgIQNHGYVpBTb8lDElp7ASALiMvZMgCIxM0ppbtfExjlZAgQ5UBQfWiCTS3MMI5pWpTNO5EKaE3Cj07qr-23rXeYZy6x1MtAoCvasRDalJXjRUAtarlvW8eU5GNMuxS-kijkx7KRhn7ElZFJTwmz5TJ_u2z9YIkd_Cs2hE5WtL5eMKBVMuxd89A
[FILTER] Authentication filter invoked
[FILTER] Header: [accept-encoding:"gzip", user-agent:"ReactorNetty/1.1.23", host:"localhost:51713", accept:"*/*", WebTestClient-Request-Id:"9", Authorization:"eyJhbGciOiJSUzI1NiIsInR5cCI6IkpXVCJ9.eyJzdWIiOiJIYXJzaGl0IiwiaXNzIjoiaGFyc2hpdCJ9.KKcq7IfYUol9dq0OdMzYaWsp9kno6QSZKBKmNp5VIp9ZxQz5995T4vLDmz_BBY-e5tiWDRmhyHXGq0MgbRzPEBMyJZDIq3Xya2RKG8ulsWVHns8UOrfwaOjjPbLRzZmlCrAXJX8vHKSCbbzxG-nWEFcOa52PNlOFgIQNHGYVpBTb8lDElp7ASALiMvZMgCIxM0ppbtfExjlZAgQ5UBQfWiCTS3MMI5pWpTNO5EKaE3Cj07qr-23rXeYZy6x1MtAoCvasRDalJXjRUAtarlvW8eU5GNMuxS-kijkx7KRhn7ElZFJTwmz5TJ_u2z9YIkd_Cs2hE5WtL5eMKBVMuxd89A"]
[FILTER] JWT TOKEN: eyJhbGciOiJSUzI1NiIsInR5cCI6IkpXVCJ9.eyJzdWIiOiJIYXJzaGl0IiwiaXNzIjoiaGFyc2hpdCJ9.KKcq7IfYUol9dq0OdMzYaWsp9kno6QSZKBKmNp5VIp9ZxQz5995T4vLDmz_BBY-e5tiWDRmhyHXGq0MgbRzPEBMyJZDIq3Xya2RKG8ulsWVHns8UOrfwaOjjPbLRzZmlCrAXJX8vHKSCbbzxG-nWEFcOa52PNlOFgIQNHGYVpBTb8lDElp7ASALiMvZMgCIxM0ppbtfExjlZAgQ5UBQfWiCTS3MMI5pWpTNO5EKaE3Cj07qr-23rXeYZy6x1MtAoCvasRDalJXjRUAtarlvW8eU5GNMuxS-kijkx7KRhn7ElZFJTwmz5TJ_u2z9YIkd_Cs2hE5WtL5eMKBVMuxd89A
[FILTER] Validating...
[FILTER] Decoded Token: Harshit
[FILTER] Successfull validation of JWT token
]]></system-out>
  </testcase>
</testsuite>